Build started 2021-11-28 9:45:54 PM.
     1>Project "C:\Users\Adam\Documents\Visual Studio 2013\Projects\XFCore\XFCore\XFCore.vcxproj" on node 2 (Build target(s)).
     1>ClCompile:
         C:\Program Files (x86)\Microsoft Visual Studio 12.0\VC\bin\CL.exe /c /ZI /nologo /W3 /WX- /sdl /Od /Oy- /D WIN32 /D _DEBUG /D _WINDOWS /D _USRDLL /D XFCORE_EXPORTS /D _WINDLL /D _UNICODE /D UNICODE /Gm /EHsc /RTC1 /MDd /GS /fp:precise /Zc:wchar_t /Zc:forScope /openmp /Yu"stdafx.h" /Fp"Debug\XFCore.pch" /Fo"Debug\\" /Fd"Debug\vc120.pdb" /Gd /TP /analyze- /errorReport:prompt XF2D.cpp XF3D.cpp XFCore.cpp XFDebug.cpp XFPerf.cpp
         XFPerf.cpp
     1>c:\users\adam\documents\visual studio 2013\projects\xfcore\xfcore\xfcore.h(279): warning C4244: '=' : conversion from 'float' to 'int', possible loss of data
     1>c:\users\adam\documents\visual studio 2013\projects\xfcore\xfcore\xfcore.h(287): warning C4244: '=' : conversion from 'float' to 'int', possible loss of data
     1>c:\users\adam\documents\visual studio 2013\projects\xfcore\xfcore\xfcore.h(301): warning C4244: '=' : conversion from 'float' to 'int', possible loss of data
     1>c:\users\adam\documents\visual studio 2013\projects\xfcore\xfcore\xfcore.h(309): warning C4244: '=' : conversion from 'float' to 'int', possible loss of data
     1>c:\users\adam\documents\visual studio 2013\projects\xfcore\xfcore\xfcore.h(426): warning C4244: '=' : conversion from 'float' to 'unsigned char', possible loss of data
     1>c:\users\adam\documents\visual studio 2013\projects\xfcore\xfcore\xfcore.h(427): warning C4244: '=' : conversion from 'float' to 'unsigned char', possible loss of data
     1>c:\users\adam\documents\visual studio 2013\projects\xfcore\xfcore\xfcore.h(428): warning C4244: '=' : conversion from 'float' to 'unsigned char', possible loss of data
     1>c:\users\adam\documents\visual studio 2013\projects\xfcore\xfcore\xfcore.h(478): warning C4244: '=' : conversion from 'float' to 'unsigned char', possible loss of data
     1>c:\users\adam\documents\visual studio 2013\projects\xfcore\xfcore\xfcore.h(479): warning C4244: '=' : conversion from 'float' to 'unsigned char', possible loss of data
     1>c:\users\adam\documents\visual studio 2013\projects\xfcore\xfcore\xfcore.h(480): warning C4244: '=' : conversion from 'float' to 'unsigned char', possible loss of data
     1>c:\users\adam\documents\visual studio 2013\projects\xfcore\xfcore\xfperf.cpp(567): warning C4244: 'initializing' : conversion from 'int' to 'float', possible loss of data
     1>c:\users\adam\documents\visual studio 2013\projects\xfcore\xfcore\xfperf.cpp(591): warning C4244: '=' : conversion from 'int' to 'float', possible loss of data
     1>c:\users\adam\documents\visual studio 2013\projects\xfcore\xfcore\xfperf.cpp(592): warning C4244: '=' : conversion from 'int' to 'float', possible loss of data
     1>c:\users\adam\documents\visual studio 2013\projects\xfcore\xfcore\xfperf.cpp(666): warning C4244: '=' : conversion from 'int' to 'float', possible loss of data
     1>c:\users\adam\documents\visual studio 2013\projects\xfcore\xfcore\xfperf.cpp(783): warning C4244: '*=' : conversion from 'float' to 'unsigned char', possible loss of data
     1>c:\users\adam\documents\visual studio 2013\projects\xfcore\xfcore\xfperf.cpp(784): warning C4244: '*=' : conversion from 'float' to 'unsigned char', possible loss of data
     1>c:\users\adam\documents\visual studio 2013\projects\xfcore\xfcore\xfperf.cpp(785): warning C4244: '*=' : conversion from 'float' to 'unsigned char', possible loss of data
     1>c:\users\adam\documents\visual studio 2013\projects\xfcore\xfcore\xfperf.cpp(800): warning C4244: '*=' : conversion from 'float' to 'unsigned char', possible loss of data
     1>c:\users\adam\documents\visual studio 2013\projects\xfcore\xfcore\xfperf.cpp(801): warning C4244: '*=' : conversion from 'float' to 'unsigned char', possible loss of data
     1>c:\users\adam\documents\visual studio 2013\projects\xfcore\xfcore\xfperf.cpp(802): warning C4244: '*=' : conversion from 'float' to 'unsigned char', possible loss of data
     1>c:\users\adam\documents\visual studio 2013\projects\xfcore\xfcore\xfperf.cpp(906): warning C4244: 'argument' : conversion from 'double' to 'float', possible loss of data
     1>c:\users\adam\documents\visual studio 2013\projects\xfcore\xfcore\xfperf.cpp(907): warning C4244: 'argument' : conversion from 'double' to 'float', possible loss of data
     1>c:\users\adam\documents\visual studio 2013\projects\xfcore\xfcore\xfperf.cpp(908): warning C4244: 'argument' : conversion from 'double' to 'float', possible loss of data
     1>c:\users\adam\documents\visual studio 2013\projects\xfcore\xfcore\xfperf.cpp(1013): warning C4244: '=' : conversion from 'float' to 'unsigned char', possible loss of data
     1>c:\users\adam\documents\visual studio 2013\projects\xfcore\xfcore\xfperf.cpp(1014): warning C4244: '=' : conversion from 'float' to 'unsigned char', possible loss of data
     1>c:\users\adam\documents\visual studio 2013\projects\xfcore\xfcore\xfperf.cpp(1015): warning C4244: '=' : conversion from 'float' to 'unsigned char', possible loss of data
     1>c:\users\adam\documents\visual studio 2013\projects\xfcore\xfcore\xfperf.cpp(978): warning C4101: 'Ydelta' : unreferenced local variable
     1>c:\users\adam\documents\visual studio 2013\projects\xfcore\xfcore\xfperf.cpp(979): warning C4101: 'Xdelta' : unreferenced local variable
     1>c:\users\adam\documents\visual studio 2013\projects\xfcore\xfcore\xfperf.cpp(1070): warning C4244: 'argument' : conversion from 'float' to 'unsigned char', possible loss of data
     1>c:\users\adam\documents\visual studio 2013\projects\xfcore\xfcore\xfperf.cpp(1106): warning C4244: 'argument' : conversion from 'float' to 'unsigned char', possible loss of data
     1>c:\users\adam\documents\visual studio 2013\projects\xfcore\xfcore\xfperf.cpp(1058): warning C4101: 'Ydelta' : unreferenced local variable
     1>c:\users\adam\documents\visual studio 2013\projects\xfcore\xfcore\xfperf.cpp(1059): warning C4101: 'Xdelta' : unreferenced local variable
     1>c:\users\adam\documents\visual studio 2013\projects\xfcore\xfcore\xfperf.cpp(1160): warning C4244: 'initializing' : conversion from 'float' to 'unsigned char', possible loss of data
     1>c:\users\adam\documents\visual studio 2013\projects\xfcore\xfcore\xfperf.cpp(1161): warning C4244: 'initializing' : conversion from 'float' to 'unsigned char', possible loss of data
     1>c:\users\adam\documents\visual studio 2013\projects\xfcore\xfcore\xfperf.cpp(1162): warning C4244: 'initializing' : conversion from 'float' to 'unsigned char', possible loss of data
     1>c:\users\adam\documents\visual studio 2013\projects\xfcore\xfcore\xfperf.cpp(1188): warning C4244: 'initializing' : conversion from 'float' to 'unsigned char', possible loss of data
     1>c:\users\adam\documents\visual studio 2013\projects\xfcore\xfcore\xfperf.cpp(1189): warning C4244: 'initializing' : conversion from 'float' to 'unsigned char', possible loss of data
     1>c:\users\adam\documents\visual studio 2013\projects\xfcore\xfcore\xfperf.cpp(1190): warning C4244: 'initializing' : conversion from 'float' to 'unsigned char', possible loss of data
     1>c:\users\adam\documents\visual studio 2013\projects\xfcore\xfcore\xfperf.cpp(1281): warning C4244: 'initializing' : conversion from 'float' to 'unsigned char', possible loss of data
     1>c:\users\adam\documents\visual studio 2013\projects\xfcore\xfcore\xfperf.cpp(1282): warning C4244: 'initializing' : conversion from 'float' to 'unsigned char', possible loss of data
     1>c:\users\adam\documents\visual studio 2013\projects\xfcore\xfcore\xfperf.cpp(1283): warning C4244: 'initializing' : conversion from 'float' to 'unsigned char', possible loss of data
     1>c:\users\adam\documents\visual studio 2013\projects\xfcore\xfcore\xfperf.cpp(1317): warning C4244: 'initializing' : conversion from 'float' to 'unsigned char', possible loss of data
     1>c:\users\adam\documents\visual studio 2013\projects\xfcore\xfcore\xfperf.cpp(1318): warning C4244: 'initializing' : conversion from 'float' to 'unsigned char', possible loss of data
     1>c:\users\adam\documents\visual studio 2013\projects\xfcore\xfcore\xfperf.cpp(1319): warning C4244: 'initializing' : conversion from 'float' to 'unsigned char', possible loss of data
         XFDebug.cpp
     1>c:\users\adam\documents\visual studio 2013\projects\xfcore\xfcore\xfcore.h(279): warning C4244: '=' : conversion from 'float' to 'int', possible loss of data
     1>c:\users\adam\documents\visual studio 2013\projects\xfcore\xfcore\xfcore.h(287): warning C4244: '=' : conversion from 'float' to 'int', possible loss of data
     1>c:\users\adam\documents\visual studio 2013\projects\xfcore\xfcore\xfcore.h(301): warning C4244: '=' : conversion from 'float' to 'int', possible loss of data
     1>c:\users\adam\documents\visual studio 2013\projects\xfcore\xfcore\xfcore.h(309): warning C4244: '=' : conversion from 'float' to 'int', possible loss of data
     1>c:\users\adam\documents\visual studio 2013\projects\xfcore\xfcore\xfcore.h(426): warning C4244: '=' : conversion from 'float' to 'unsigned char', possible loss of data
     1>c:\users\adam\documents\visual studio 2013\projects\xfcore\xfcore\xfcore.h(427): warning C4244: '=' : conversion from 'float' to 'unsigned char', possible loss of data
     1>c:\users\adam\documents\visual studio 2013\projects\xfcore\xfcore\xfcore.h(428): warning C4244: '=' : conversion from 'float' to 'unsigned char', possible loss of data
     1>c:\users\adam\documents\visual studio 2013\projects\xfcore\xfcore\xfcore.h(478): warning C4244: '=' : conversion from 'float' to 'unsigned char', possible loss of data
     1>c:\users\adam\documents\visual studio 2013\projects\xfcore\xfcore\xfcore.h(479): warning C4244: '=' : conversion from 'float' to 'unsigned char', possible loss of data
     1>c:\users\adam\documents\visual studio 2013\projects\xfcore\xfcore\xfcore.h(480): warning C4244: '=' : conversion from 'float' to 'unsigned char', possible loss of data
     1>c:\users\adam\documents\visual studio 2013\projects\xfcore\xfcore\xfdebug.cpp(66): warning C4244: 'argument' : conversion from 'float' to 'int', possible loss of data
     1>c:\users\adam\documents\visual studio 2013\projects\xfcore\xfcore\xfdebug.cpp(66): warning C4244: 'argument' : conversion from 'double' to 'int', possible loss of data
     1>c:\users\adam\documents\visual studio 2013\projects\xfcore\xfcore\xfdebug.cpp(67): warning C4244: 'argument' : conversion from 'float' to 'int', possible loss of data
     1>c:\users\adam\documents\visual studio 2013\projects\xfcore\xfcore\xfdebug.cpp(67): warning C4244: 'argument' : conversion from 'double' to 'int', possible loss of data
     1>c:\users\adam\documents\visual studio 2013\projects\xfcore\xfcore\xfdebug.cpp(69): warning C4244: 'argument' : conversion from 'float' to 'int', possible loss of data
     1>c:\users\adam\documents\visual studio 2013\projects\xfcore\xfcore\xfdebug.cpp(69): warning C4244: 'argument' : conversion from 'double' to 'int', possible loss of data
     1>c:\users\adam\documents\visual studio 2013\projects\xfcore\xfcore\xfdebug.cpp(70): warning C4244: 'argument' : conversion from 'float' to 'int', possible loss of data
     1>c:\users\adam\documents\visual studio 2013\projects\xfcore\xfcore\xfdebug.cpp(70): warning C4244: 'argument' : conversion from 'double' to 'int', possible loss of data
     1>c:\users\adam\documents\visual studio 2013\projects\xfcore\xfcore\xfdebug.cpp(617): warning C4244: '=' : conversion from 'int' to 'float', possible loss of data
     1>c:\users\adam\documents\visual studio 2013\projects\xfcore\xfcore\xfdebug.cpp(619): warning C4244: '=' : conversion from 'int' to 'float', possible loss of data
     1>c:\users\adam\documents\visual studio 2013\projects\xfcore\xfcore\xfdebug.cpp(632): warning C4244: '=' : conversion from 'int' to 'float', possible loss of data
     1>c:\users\adam\documents\visual studio 2013\projects\xfcore\xfcore\xfdebug.cpp(634): warning C4244: '=' : conversion from 'int' to 'float', possible loss of data
     1>c:\users\adam\documents\visual studio 2013\projects\xfcore\xfcore\xfdebug.cpp(1179): warning C4244: '=' : conversion from 'float' to 'int', possible loss of data
     1>c:\users\adam\documents\visual studio 2013\projects\xfcore\xfcore\xfdebug.cpp(1210): warning C4244: '=' : conversion from 'float' to 'unsigned char', possible loss of data
     1>c:\users\adam\documents\visual studio 2013\projects\xfcore\xfcore\xfdebug.cpp(1211): warning C4244: '=' : conversion from 'float' to 'unsigned char', possible loss of data
     1>c:\users\adam\documents\visual studio 2013\projects\xfcore\xfcore\xfdebug.cpp(1212): warning C4244: '=' : conversion from 'float' to 'unsigned char', possible loss of data
     1>c:\users\adam\documents\visual studio 2013\projects\xfcore\xfcore\xfdebug.cpp(1755): warning C4244: '=' : conversion from 'float' to 'int', possible loss of data
     1>c:\users\adam\documents\visual studio 2013\projects\xfcore\xfcore\xfdebug.cpp(1811): warning C4305: 'initializing' : truncation from 'double' to 'float'
     1>c:\users\adam\documents\visual studio 2013\projects\xfcore\xfcore\xfdebug.cpp(1817): warning C4244: 'initializing' : conversion from 'double' to 'float', possible loss of data
     1>c:\users\adam\documents\visual studio 2013\projects\xfcore\xfcore\xfdebug.cpp(1824): warning C4244: 'initializing' : conversion from 'double' to 'float', possible loss of data
     1>c:\users\adam\documents\visual studio 2013\projects\xfcore\xfcore\xfdebug.cpp(1829): warning C4244: '=' : conversion from 'double' to 'unsigned char', possible loss of data
     1>c:\users\adam\documents\visual studio 2013\projects\xfcore\xfcore\xfdebug.cpp(1830): warning C4244: '=' : conversion from 'double' to 'unsigned char', possible loss of data
     1>c:\users\adam\documents\visual studio 2013\projects\xfcore\xfcore\xfdebug.cpp(1831): warning C4244: '=' : conversion from 'double' to 'unsigned char', possible loss of data
     1>c:\users\adam\documents\visual studio 2013\projects\xfcore\xfcore\xfdebug.cpp(1833): warning C4244: '=' : conversion from 'float' to 'int', possible loss of data
     1>c:\users\adam\documents\visual studio 2013\projects\xfcore\xfcore\xfdebug.cpp(2477): warning C4244: '=' : conversion from 'float' to 'int', possible loss of data
     1>c:\users\adam\documents\visual studio 2013\projects\xfcore\xfcore\xfdebug.cpp(2673): warning C4244: 'argument' : conversion from 'float' to 'unsigned char', possible loss of data
     1>c:\users\adam\documents\visual studio 2013\projects\xfcore\xfcore\xfdebug.cpp(2688): warning C4244: 'initializing' : conversion from 'double' to 'float', possible loss of data
     1>c:\users\adam\documents\visual studio 2013\projects\xfcore\xfcore\xfdebug.cpp(2698): warning C4244: 'initializing' : conversion from 'double' to 'float', possible loss of data
     1>c:\users\adam\documents\visual studio 2013\projects\xfcore\xfcore\xfdebug.cpp(2712): warning C4244: 'argument' : conversion from 'float' to 'unsigned char', possible loss of data
     1>c:\users\adam\documents\visual studio 2013\projects\xfcore\xfcore\xfdebug.cpp(3238): warning C4244: '=' : conversion from 'float' to 'int', possible loss of data
         XF2D.cpp
     1>c:\users\adam\documents\visual studio 2013\projects\xfcore\xfcore\xfcore.h(279): warning C4244: '=' : conversion from 'float' to 'int', possible loss of data
     1>c:\users\adam\documents\visual studio 2013\projects\xfcore\xfcore\xfcore.h(287): warning C4244: '=' : conversion from 'float' to 'int', possible loss of data
     1>c:\users\adam\documents\visual studio 2013\projects\xfcore\xfcore\xfcore.h(301): warning C4244: '=' : conversion from 'float' to 'int', possible loss of data
     1>c:\users\adam\documents\visual studio 2013\projects\xfcore\xfcore\xfcore.h(309): warning C4244: '=' : conversion from 'float' to 'int', possible loss of data
     1>c:\users\adam\documents\visual studio 2013\projects\xfcore\xfcore\xfcore.h(426): warning C4244: '=' : conversion from 'float' to 'unsigned char', possible loss of data
     1>c:\users\adam\documents\visual studio 2013\projects\xfcore\xfcore\xfcore.h(427): warning C4244: '=' : conversion from 'float' to 'unsigned char', possible loss of data
     1>c:\users\adam\documents\visual studio 2013\projects\xfcore\xfcore\xfcore.h(428): warning C4244: '=' : conversion from 'float' to 'unsigned char', possible loss of data
     1>c:\users\adam\documents\visual studio 2013\projects\xfcore\xfcore\xfcore.h(478): warning C4244: '=' : conversion from 'float' to 'unsigned char', possible loss of data
     1>c:\users\adam\documents\visual studio 2013\projects\xfcore\xfcore\xfcore.h(479): warning C4244: '=' : conversion from 'float' to 'unsigned char', possible loss of data
     1>c:\users\adam\documents\visual studio 2013\projects\xfcore\xfcore\xfcore.h(480): warning C4244: '=' : conversion from 'float' to 'unsigned char', possible loss of data
     1>c:\users\adam\documents\visual studio 2013\projects\xfcore\xfcore\xf2d.cpp(105): warning C4244: '=' : conversion from 'float' to 'unsigned char', possible loss of data
     1>c:\users\adam\documents\visual studio 2013\projects\xfcore\xfcore\xf2d.cpp(106): warning C4244: '=' : conversion from 'float' to 'unsigned char', possible loss of data
     1>c:\users\adam\documents\visual studio 2013\projects\xfcore\xfcore\xf2d.cpp(107): warning C4244: '=' : conversion from 'float' to 'unsigned char', possible loss of data
         Generating Code...
         Compiling...
         XFCore.cpp
     1>c:\users\adam\documents\visual studio 2013\projects\xfcore\xfcore\xfcore.h(279): warning C4244: '=' : conversion from 'float' to 'int', possible loss of data
     1>c:\users\adam\documents\visual studio 2013\projects\xfcore\xfcore\xfcore.h(287): warning C4244: '=' : conversion from 'float' to 'int', possible loss of data
     1>c:\users\adam\documents\visual studio 2013\projects\xfcore\xfcore\xfcore.h(301): warning C4244: '=' : conversion from 'float' to 'int', possible loss of data
     1>c:\users\adam\documents\visual studio 2013\projects\xfcore\xfcore\xfcore.h(309): warning C4244: '=' : conversion from 'float' to 'int', possible loss of data
     1>c:\users\adam\documents\visual studio 2013\projects\xfcore\xfcore\xfcore.h(426): warning C4244: '=' : conversion from 'float' to 'unsigned char', possible loss of data
     1>c:\users\adam\documents\visual studio 2013\projects\xfcore\xfcore\xfcore.h(427): warning C4244: '=' : conversion from 'float' to 'unsigned char', possible loss of data
     1>c:\users\adam\documents\visual studio 2013\projects\xfcore\xfcore\xfcore.h(428): warning C4244: '=' : conversion from 'float' to 'unsigned char', possible loss of data
     1>c:\users\adam\documents\visual studio 2013\projects\xfcore\xfcore\xfcore.h(478): warning C4244: '=' : conversion from 'float' to 'unsigned char', possible loss of data
     1>c:\users\adam\documents\visual studio 2013\projects\xfcore\xfcore\xfcore.h(479): warning C4244: '=' : conversion from 'float' to 'unsigned char', possible loss of data
     1>c:\users\adam\documents\visual studio 2013\projects\xfcore\xfcore\xfcore.h(480): warning C4244: '=' : conversion from 'float' to 'unsigned char', possible loss of data
         XF3D.cpp
     1>c:\users\adam\documents\visual studio 2013\projects\xfcore\xfcore\xfcore.h(279): warning C4244: '=' : conversion from 'float' to 'int', possible loss of data
     1>c:\users\adam\documents\visual studio 2013\projects\xfcore\xfcore\xfcore.h(287): warning C4244: '=' : conversion from 'float' to 'int', possible loss of data
     1>c:\users\adam\documents\visual studio 2013\projects\xfcore\xfcore\xfcore.h(301): warning C4244: '=' : conversion from 'float' to 'int', possible loss of data
     1>c:\users\adam\documents\visual studio 2013\projects\xfcore\xfcore\xfcore.h(309): warning C4244: '=' : conversion from 'float' to 'int', possible loss of data
     1>c:\users\adam\documents\visual studio 2013\projects\xfcore\xfcore\xfcore.h(426): warning C4244: '=' : conversion from 'float' to 'unsigned char', possible loss of data
     1>c:\users\adam\documents\visual studio 2013\projects\xfcore\xfcore\xfcore.h(427): warning C4244: '=' : conversion from 'float' to 'unsigned char', possible loss of data
     1>c:\users\adam\documents\visual studio 2013\projects\xfcore\xfcore\xfcore.h(428): warning C4244: '=' : conversion from 'float' to 'unsigned char', possible loss of data
     1>c:\users\adam\documents\visual studio 2013\projects\xfcore\xfcore\xfcore.h(478): warning C4244: '=' : conversion from 'float' to 'unsigned char', possible loss of data
     1>c:\users\adam\documents\visual studio 2013\projects\xfcore\xfcore\xfcore.h(479): warning C4244: '=' : conversion from 'float' to 'unsigned char', possible loss of data
     1>c:\users\adam\documents\visual studio 2013\projects\xfcore\xfcore\xfcore.h(480): warning C4244: '=' : conversion from 'float' to 'unsigned char', possible loss of data
         Generating Code...
       Link:
         C:\Program Files (x86)\Microsoft Visual Studio 12.0\VC\bin\link.exe /ERRORREPORT:PROMPT /OUT:"C:\Users\Adam\Documents\Visual Studio 2013\Projects\XFCore\Debug\XFCore.dll" /INCREMENTAL /NOLOGO kernel32.lib user32.lib gdi32.lib winspool.lib comdlg32.lib advapi32.lib shell32.lib ole32.lib oleaut32.lib uuid.lib odbc32.lib odbccp32.lib /MANIFEST /MANIFESTUAC:"level='asInvoker' uiAccess='false'" /manifest:embed /DEBUG /PDB:"C:\Users\Adam\Documents\Visual Studio 2013\Projects\XFCore\Debug\XFCore.pdb" /SUBSYSTEM:WINDOWS /TLBID:1 /DYNAMICBASE /NXCOMPAT /IMPLIB:"C:\Users\Adam\Documents\Visual Studio 2013\Projects\XFCore\Debug\XFCore.lib" /MACHINE:X86 /DLL Debug\stdafx.obj
         Debug\XF2D.obj
         Debug\XF3D.obj
         Debug\XFCore.obj
         Debug\XFDebug.obj
         Debug\XFPerf.obj
            Creating library C:\Users\Adam\Documents\Visual Studio 2013\Projects\XFCore\Debug\XFCore.lib and object C:\Users\Adam\Documents\Visual Studio 2013\Projects\XFCore\Debug\XFCore.exp
         XFCore.vcxproj -> C:\Users\Adam\Documents\Visual Studio 2013\Projects\XFCore\Debug\XFCore.dll
     1>Done Building Project "C:\Users\Adam\Documents\Visual Studio 2013\Projects\XFCore\XFCore\XFCore.vcxproj" (Build target(s)).

Build succeeded.

Time Elapsed 00:00:01.35
